<html xmlns:math="http://exslt.org/math" xmlns:testng="http://testng.org">
   <head>
      <title>TestNG Results</title>
      <meta http-equiv="content-type" content="text/html; charset=utf-8"></meta>
      <meta http-equiv="pragma" content="no-cache"></meta>
      <meta http-equiv="cache-control" content="max-age=0"></meta>
      <meta http-equiv="cache-control" content="no-cache"></meta>
      <meta http-equiv="cache-control" content="no-store"></meta>
      <LINK rel="stylesheet" href="style.css"></LINK>
      <script type="text/javascript" src="main.js"></script>
   </head>
   <body>
      <table width="100%" style="font-size: 16px; margin-bottom: 10px;" cellspacing="1">
         <tr>
            <td width="100%">
               All methods in suite
               
               <b>QaPro</b>
            </td>
            <td style="background-color: #FFBBBB; padding: 3px 3px 3px 0;" align="center">
               <div style="width: 50px;">0</div>
            </td>
            <td style="background-color: lightgreen; padding: 3px 3px 3px 0;" align="center">
               <div style="width: 50px;">1</div>
            </td>
            <td style="background-color: #FFFFBB; padding: 3px 3px 3px 0;" align="center">
               <div style="width: 50px;">1</div>
            </td>
            <td align="center" style="background-color: #eaf0f7; padding: 3px 3px 3px 0;">
               <div style="width: 50px;">2</div>
            </td>
            <td align="center"
                style="font-weight: bold; background-color: #eaf0f7; padding: 3px 3px 3px 0;">
               <div style="width: 50px;">50%</div>
            </td>
            <td style="background-color: #eaf0f7; padding: 3px 3px 3px 0;" align="center"
                nowrap="true">22s
               
            </td>
         </tr>
      </table>
      <div style="width: 200px;">
         <label for="groupMethodsCheckBox" style="font-weight: bold; margin: 0;">
            <input id="groupMethodsCheckBox" type="checkbox" onclick="switchTestMethodsView(this)"></input>
            Group by class
            
         </label>
         <br></br>
         <label for="methodsFilter_ALL" style="font-weight: bold; margin: 0;">
            <input id="methodsFilter_ALL" type="checkbox"
                   onclick="testMethodsFilterChanged(this, 'ALL')"></input>
            All
            
         </label>
      </div>
      <label for="methodsFilter_FAIL" style="margin-left: 20px;">
         <input id="methodsFilter_FAIL" type="checkbox"
                onclick="testMethodsFilterChanged(this, 'FAIL')"
                checked=""></input>
         Failed
         
      </label>
      <label for="methodsFilter_PASS">
         <input id="methodsFilter_PASS" type="checkbox"
                onclick="testMethodsFilterChanged(this, 'PASS')"
                checked=""></input>
         Passed
         
      </label>
      <label for="methodsFilter_SKIP">
         <input id="methodsFilter_SKIP" type="checkbox"
                onclick="testMethodsFilterChanged(this, 'SKIP')"
                checked=""></input>
         Skipped
         
      </label>
      <label for="methodsFilter_CONF">
         <input id="methodsFilter_CONF" type="checkbox"
                onclick="testMethodsFilterChanged(this, 'CONF')"></input>
         Config
         
      </label>
      <br></br>
      <div id="testMethodsByStatus">
         <table class="testMethodsTable" cellpadding="0" cellspacing="0">
            <tr class="methodsTableHeader">
               <td width="100%">Name</td>
               <td nowrap="true">Started</td>
               <td nowrap="true">Duration</td>
               <td>Exception</td>
            </tr>
            <tr id="testcases.fbSignUpTC_browserInitialize_byStatus_failed_FAIL1_row"
                class="testMethodStatusFAIL testMethodStatusCONF">
               <td width="100%" class="firstMethodCell">
                  <a onclick="toggleDetailsVisibility('testcases.fbSignUpTC_browserInitialize_byStatus_failed_FAIL1_details')">browserInitialize(firefox)</a>
               </td>
               <td nowrap="true">12:09:18</td>
               <td nowrap="true" align="right">0 ms
                  
               </td>
               <td nowrap="true">
                  <a onclick="toggleDetailsVisibility('testcases.fbSignUpTC_browserInitialize_byStatus_failed_FAIL1_exception')">java.lang.NoClassDefFoundError: 
                     org/w3c/dom/ElementTraversal
                     
                  </a>
                   
                  
               </td>
            </tr>
            <tr>
               <td colspan="4" class="detailsBox">
                  <div id="testcases.fbSignUpTC_browserInitialize_byStatus_failed_FAIL1_details"
                       class="testMethodDetails">
                     <div>
                        <b>Name: </b>browserInitialize
                     </div>
                     <div>
                        <b>Signature: </b>browserInitialize(java.lang.String)[pri:0, instance:testcases.fbSignUpTC@2c9f9fb0]
                     </div>
                     <div>
                        <b>Parameters: </b>
                        
                        firefox
                        
                        
                     </div>
                     <div>
                        <b>Start time: </b>12:09:18
                     </div>
                     <div>
                        <b>End time: </b>12:09:18
                     </div>
                     <div>
                        <b>Duration: </b>0 ms
                        
                     </div>
                  </div>
               </td>
            </tr>
            <tr>
               <td colspan="4" class="detailsBox">
                  <div id="testcases.fbSignUpTC_browserInitialize_byStatus_failed_FAIL1_exception"
                       class="testMethodDetails">
                     <pre style="padding: 5px; margin: 0;">java.lang.NoClassDefFoundError: org/w3c/dom/ElementTraversal
                        	at java.lang.ClassLoader.defineClass1(Native Method)
                        	at java.lang.ClassLoader.defineClass(ClassLoader.java:763)
                        	at java.security.SecureClassLoader.defineClass(SecureClassLoader.java:142)
                        	at java.net.URLClassLoader.defineClass(URLClassLoader.java:467)
                        	at java.net.URLClassLoader.access$100(URLClassLoader.java:73)
                        	at java.net.URLClassLoader$1.run(URLClassLoader.java:368)
                        	at java.net.URLClassLoader$1.run(URLClassLoader.java:362)
                        	at java.security.AccessController.doPrivileged(Native Method)
                        	at java.net.URLClassLoader.findClass(URLClassLoader.java:361)
                        	at java.lang.ClassLoader.loadClass(ClassLoader.java:424)
                        	at sun.misc.Launcher$AppClassLoader.loadClass(Launcher.java:335)
                        	at java.lang.ClassLoader.loadClass(ClassLoader.java:357)
                        	at org.apache.xerces.parsers.AbstractDOMParser.startDocument(Unknown Source)
                        	at org.apache.xerces.impl.dtd.XMLDTDValidator.startDocument(Unknown Source)
                        	at org.apache.xerces.impl.XMLDocumentScannerImpl.startEntity(Unknown Source)
                        	at org.apache.xerces.impl.XMLVersionDetector.startDocumentParsing(Unknown Source)
                        	at org.apache.xerces.parsers.XML11Configuration.parse(Unknown Source)
                        	at org.apache.xerces.parsers.XML11Configuration.parse(Unknown Source)
                        	at org.apache.xerces.parsers.XMLParser.parse(Unknown Source)
                        	at org.apache.xerces.parsers.DOMParser.parse(Unknown Source)
                        	at org.apache.xerces.jaxp.DocumentBuilderImpl.parse(Unknown Source)
                        	at javax.xml.parsers.DocumentBuilder.parse(DocumentBuilder.java:205)
                        	at org.openqa.selenium.firefox.internal.FileExtension.readIdFromInstallRdf(FileExtension.java:98)
                        	at org.openqa.selenium.firefox.internal.FileExtension.writeTo(FileExtension.java:61)
                        	at org.openqa.selenium.firefox.internal.ClasspathExtension.writeTo(ClasspathExtension.java:64)
                        	at org.openqa.selenium.firefox.FirefoxProfile.installExtensions(FirefoxProfile.java:443)
                        	at org.openqa.selenium.firefox.FirefoxProfile.layoutOnDisk(FirefoxProfile.java:421)
                        	at org.openqa.selenium.firefox.internal.NewProfileExtensionConnection.start(NewProfileExtensionConnection.java:85)
                        	at org.openqa.selenium.firefox.FirefoxDriver.startClient(FirefoxDriver.java:271)
                        	at org.openqa.selenium.remote.RemoteWebDriver.&lt;init&gt;(RemoteWebDriver.java:119)
                        	at org.openqa.selenium.firefox.FirefoxDriver.&lt;init&gt;(FirefoxDriver.java:218)
                        	at org.openqa.selenium.firefox.FirefoxDriver.&lt;init&gt;(FirefoxDriver.java:211)
                        	at org.openqa.selenium.firefox.FirefoxDriver.&lt;init&gt;(FirefoxDriver.java:207)
                        	at org.openqa.selenium.firefox.FirefoxDriver.&lt;init&gt;(FirefoxDriver.java:120)
                        	at base.configuration.browserInitialize(configuration.java:37)
                        	at sun.reflect.NativeMethodAccessorImpl.invoke0(Native Method)
                        	at sun.reflect.NativeMethodAccessorImpl.invoke(NativeMethodAccessorImpl.java:62)
                        	at sun.reflect.DelegatingMethodAccessorImpl.invoke(DelegatingMethodAccessorImpl.java:43)
                        	at java.lang.reflect.Method.invoke(Method.java:498)
                        	at org.testng.internal.MethodInvocationHelper.invokeMethod(MethodInvocationHelper.java:85)
                        	at org.testng.internal.Invoker.invokeConfigurationMethod(Invoker.java:510)
                        	at org.testng.internal.Invoker.invokeConfigurations(Invoker.java:211)
                        	at org.testng.internal.Invoker.invokeMethod(Invoker.java:585)
                        	at org.testng.internal.Invoker.invokeTestMethod(Invoker.java:816)
                        	at org.testng.internal.Invoker.invokeTestMethods(Invoker.java:1124)
                        	at org.testng.internal.TestMethodWorker.invokeTestMethods(TestMethodWorker.java:125)
                        	at org.testng.internal.TestMethodWorker.run(TestMethodWorker.java:108)
                        	at org.testng.TestRunner.privateRun(TestRunner.java:774)
                        	at org.testng.TestRunner.run(TestRunner.java:624)
                        	at org.testng.SuiteRunner.runTest(SuiteRunner.java:359)
                        	at org.testng.SuiteRunner.access$000(SuiteRunner.java:39)
                        	at org.testng.SuiteRunner$SuiteWorker.run(SuiteRunner.java:393)
                        	at org.testng.internal.thread.ThreadUtil$2.call(ThreadUtil.java:64)
                        	at java.util.concurrent.FutureTask.run(FutureTask.java:266)
                        	at java.util.concurrent.ThreadPoolExecutor.runWorker(ThreadPoolExecutor.java:1149)
                        	at java.util.concurrent.ThreadPoolExecutor$Worker.run(ThreadPoolExecutor.java:624)
                        	at java.lang.Thread.run(Thread.java:748)
                        Caused by: java.lang.ClassNotFoundException: org.w3c.dom.ElementTraversal
                        	at java.net.URLClassLoader.findClass(URLClassLoader.java:381)
                        	at java.lang.ClassLoader.loadClass(ClassLoader.java:424)
                        	at sun.misc.Launcher$AppClassLoader.loadClass(Launcher.java:335)
                        	at java.lang.ClassLoader.loadClass(ClassLoader.java:357)
                        	... 57 more
                     </pre>
                  </div>
               </td>
            </tr>
            <tr id="testcases.fbSignUpTC_browserInitialize_byStatus_passed_PASS1_row"
                class="testMethodStatusPASS testMethodStatusCONF">
               <td width="100%" class="firstMethodCell">
                  <a onclick="toggleDetailsVisibility('testcases.fbSignUpTC_browserInitialize_byStatus_passed_PASS1_details')">browserInitialize(chrome)</a>
               </td>
               <td nowrap="true">12:09:18</td>
               <td nowrap="true" align="right">12s
                  
               </td>
               <td nowrap="true">
                   
                  
               </td>
            </tr>
            <tr>
               <td colspan="4" class="detailsBox">
                  <div id="testcases.fbSignUpTC_browserInitialize_byStatus_passed_PASS1_details"
                       class="testMethodDetails">
                     <div>
                        <b>Name: </b>browserInitialize
                     </div>
                     <div>
                        <b>Signature: </b>browserInitialize(java.lang.String)[pri:0, instance:testcases.fbSignUpTC@47f6473]
                     </div>
                     <div>
                        <b>Parameters: </b>
                        
                        chrome
                        
                        
                     </div>
                     <div>
                        <b>Start time: </b>12:09:18
                     </div>
                     <div>
                        <b>End time: </b>12:09:30
                     </div>
                     <div>
                        <b>Duration: </b>12s
                        
                     </div>
                  </div>
               </td>
            </tr>
            <tr></tr>
            <tr id="testcases.fbSignUpTC_signUp_byStatus_passed_PASS2_row"
                class="testMethodStatusPASS">
               <td width="100%" class="firstMethodCell">
                  <a onclick="toggleDetailsVisibility('testcases.fbSignUpTC_signUp_byStatus_passed_PASS2_details')">signUp()</a>
               </td>
               <td nowrap="true">12:09:30</td>
               <td nowrap="true" align="right">6s
                  
               </td>
               <td nowrap="true">
                   
                  
               </td>
            </tr>
            <tr>
               <td colspan="4" class="detailsBox">
                  <div id="testcases.fbSignUpTC_signUp_byStatus_passed_PASS2_details"
                       class="testMethodDetails">
                     <div>
                        <b>Name: </b>signUp
                     </div>
                     <div>
                        <b>Signature: </b>signUp()[pri:0, instance:testcases.fbSignUpTC@47f6473]
                     </div>
                     <div>
                        <b>Start time: </b>12:09:30
                     </div>
                     <div>
                        <b>End time: </b>12:09:37
                     </div>
                     <div>
                        <b>Duration: </b>6s
                        
                     </div>
                  </div>
               </td>
            </tr>
            <tr></tr>
            <tr id="testcases.fbSignUpTC_afterTest_byStatus_passed_PASS3_row"
                class="testMethodStatusPASS testMethodStatusCONF">
               <td width="100%" class="firstMethodCell">
                  <a onclick="toggleDetailsVisibility('testcases.fbSignUpTC_afterTest_byStatus_passed_PASS3_details')">afterTest()</a>
               </td>
               <td nowrap="true">12:09:37</td>
               <td nowrap="true" align="right">3s
                  
               </td>
               <td nowrap="true">
                   
                  
               </td>
            </tr>
            <tr>
               <td colspan="4" class="detailsBox">
                  <div id="testcases.fbSignUpTC_afterTest_byStatus_passed_PASS3_details"
                       class="testMethodDetails">
                     <div>
                        <b>Name: </b>afterTest
                     </div>
                     <div>
                        <b>Signature: </b>afterTest()[pri:0, instance:testcases.fbSignUpTC@47f6473]
                     </div>
                     <div>
                        <b>Start time: </b>12:09:37
                     </div>
                     <div>
                        <b>End time: </b>12:09:40
                     </div>
                     <div>
                        <b>Duration: </b>3s
                        
                     </div>
                  </div>
               </td>
            </tr>
            <tr></tr>
            <tr id="testcases.fbSignUpTC_signUp_byStatus_skiped_SKIP1_row"
                class="testMethodStatusSKIP">
               <td width="100%" class="firstMethodCell">
                  <a onclick="toggleDetailsVisibility('testcases.fbSignUpTC_signUp_byStatus_skiped_SKIP1_details')">signUp()</a>
               </td>
               <td nowrap="true">12:09:21</td>
               <td nowrap="true" align="right">0 ms
                  
               </td>
               <td nowrap="true">
                   
                  
               </td>
            </tr>
            <tr>
               <td colspan="4" class="detailsBox">
                  <div id="testcases.fbSignUpTC_signUp_byStatus_skiped_SKIP1_details"
                       class="testMethodDetails">
                     <div>
                        <b>Name: </b>signUp
                     </div>
                     <div>
                        <b>Signature: </b>signUp()[pri:0, instance:testcases.fbSignUpTC@2c9f9fb0]
                     </div>
                     <div>
                        <b>Start time: </b>12:09:21
                     </div>
                     <div>
                        <b>End time: </b>12:09:21
                     </div>
                     <div>
                        <b>Duration: </b>0 ms
                        
                     </div>
                  </div>
               </td>
            </tr>
            <tr></tr>
            <tr id="testcases.fbSignUpTC_afterTest_byStatus_skiped_SKIP2_row"
                class="testMethodStatusSKIP testMethodStatusCONF">
               <td width="100%" class="firstMethodCell">
                  <a onclick="toggleDetailsVisibility('testcases.fbSignUpTC_afterTest_byStatus_skiped_SKIP2_details')">afterTest()</a>
               </td>
               <td nowrap="true">12:09:21</td>
               <td nowrap="true" align="right">0 ms
                  
               </td>
               <td nowrap="true">
                   
                  
               </td>
            </tr>
            <tr>
               <td colspan="4" class="detailsBox">
                  <div id="testcases.fbSignUpTC_afterTest_byStatus_skiped_SKIP2_details"
                       class="testMethodDetails">
                     <div>
                        <b>Name: </b>afterTest
                     </div>
                     <div>
                        <b>Signature: </b>afterTest()[pri:0, instance:testcases.fbSignUpTC@2c9f9fb0]
                     </div>
                     <div>
                        <b>Start time: </b>12:09:21
                     </div>
                     <div>
                        <b>End time: </b>12:09:21
                     </div>
                     <div>
                        <b>Duration: </b>0 ms
                        
                     </div>
                  </div>
               </td>
            </tr>
            <tr></tr>
         </table>
      </div>
      <div id="testMethodsByClass" style="display: none;">
         <table class="testMethodsTable" cellpadding="0" cellspacing="0">
            <tr>
               <td colspan="4">
                  <h3 style="display: inline;">testcases.fbSignUpTC</h3>
               </td>
            </tr>
            <tr class="methodsTableHeader">
               <td width="100%">Name</td>
               <td nowrap="true">Started</td>
               <td nowrap="true">Duration</td>
               <td>Exception</td>
            </tr>
            <tr id="testcases.fbSignUpTC_browserInitialize_byClass_FAIL1_row"
                class="testMethodStatusFAIL testMethodStatusCONF">
               <td width="100%" class="firstMethodCell">
                  <a onclick="toggleDetailsVisibility('testcases.fbSignUpTC_browserInitialize_byClass_FAIL1_details')">browserInitialize(firefox)</a>
               </td>
               <td nowrap="true">12:09:18</td>
               <td nowrap="true" align="right">0 ms
                  
               </td>
               <td nowrap="true">
                  <a onclick="toggleDetailsVisibility('testcases.fbSignUpTC_browserInitialize_byClass_FAIL1_exception')">java.lang.NoClassDefFoundError: 
                     org/w3c/dom/ElementTraversal
                     
                  </a>
                   
                  
               </td>
            </tr>
            <tr>
               <td colspan="4" class="detailsBox">
                  <div id="testcases.fbSignUpTC_browserInitialize_byClass_FAIL1_details"
                       class="testMethodDetails">
                     <div>
                        <b>Name: </b>browserInitialize
                     </div>
                     <div>
                        <b>Signature: </b>browserInitialize(java.lang.String)[pri:0, instance:testcases.fbSignUpTC@2c9f9fb0]
                     </div>
                     <div>
                        <b>Parameters: </b>
                        
                        firefox
                        
                        
                     </div>
                     <div>
                        <b>Start time: </b>12:09:18
                     </div>
                     <div>
                        <b>End time: </b>12:09:18
                     </div>
                     <div>
                        <b>Duration: </b>0 ms
                        
                     </div>
                  </div>
               </td>
            </tr>
            <tr>
               <td colspan="4" class="detailsBox">
                  <div id="testcases.fbSignUpTC_browserInitialize_byClass_FAIL1_exception"
                       class="testMethodDetails">
                     <pre style="padding: 5px; margin: 0;">java.lang.NoClassDefFoundError: org/w3c/dom/ElementTraversal
                        	at java.lang.ClassLoader.defineClass1(Native Method)
                        	at java.lang.ClassLoader.defineClass(ClassLoader.java:763)
                        	at java.security.SecureClassLoader.defineClass(SecureClassLoader.java:142)
                        	at java.net.URLClassLoader.defineClass(URLClassLoader.java:467)
                        	at java.net.URLClassLoader.access$100(URLClassLoader.java:73)
                        	at java.net.URLClassLoader$1.run(URLClassLoader.java:368)
                        	at java.net.URLClassLoader$1.run(URLClassLoader.java:362)
                        	at java.security.AccessController.doPrivileged(Native Method)
                        	at java.net.URLClassLoader.findClass(URLClassLoader.java:361)
                        	at java.lang.ClassLoader.loadClass(ClassLoader.java:424)
                        	at sun.misc.Launcher$AppClassLoader.loadClass(Launcher.java:335)
                        	at java.lang.ClassLoader.loadClass(ClassLoader.java:357)
                        	at org.apache.xerces.parsers.AbstractDOMParser.startDocument(Unknown Source)
                        	at org.apache.xerces.impl.dtd.XMLDTDValidator.startDocument(Unknown Source)
                        	at org.apache.xerces.impl.XMLDocumentScannerImpl.startEntity(Unknown Source)
                        	at org.apache.xerces.impl.XMLVersionDetector.startDocumentParsing(Unknown Source)
                        	at org.apache.xerces.parsers.XML11Configuration.parse(Unknown Source)
                        	at org.apache.xerces.parsers.XML11Configuration.parse(Unknown Source)
                        	at org.apache.xerces.parsers.XMLParser.parse(Unknown Source)
                        	at org.apache.xerces.parsers.DOMParser.parse(Unknown Source)
                        	at org.apache.xerces.jaxp.DocumentBuilderImpl.parse(Unknown Source)
                        	at javax.xml.parsers.DocumentBuilder.parse(DocumentBuilder.java:205)
                        	at org.openqa.selenium.firefox.internal.FileExtension.readIdFromInstallRdf(FileExtension.java:98)
                        	at org.openqa.selenium.firefox.internal.FileExtension.writeTo(FileExtension.java:61)
                        	at org.openqa.selenium.firefox.internal.ClasspathExtension.writeTo(ClasspathExtension.java:64)
                        	at org.openqa.selenium.firefox.FirefoxProfile.installExtensions(FirefoxProfile.java:443)
                        	at org.openqa.selenium.firefox.FirefoxProfile.layoutOnDisk(FirefoxProfile.java:421)
                        	at org.openqa.selenium.firefox.internal.NewProfileExtensionConnection.start(NewProfileExtensionConnection.java:85)
                        	at org.openqa.selenium.firefox.FirefoxDriver.startClient(FirefoxDriver.java:271)
                        	at org.openqa.selenium.remote.RemoteWebDriver.&lt;init&gt;(RemoteWebDriver.java:119)
                        	at org.openqa.selenium.firefox.FirefoxDriver.&lt;init&gt;(FirefoxDriver.java:218)
                        	at org.openqa.selenium.firefox.FirefoxDriver.&lt;init&gt;(FirefoxDriver.java:211)
                        	at org.openqa.selenium.firefox.FirefoxDriver.&lt;init&gt;(FirefoxDriver.java:207)
                        	at org.openqa.selenium.firefox.FirefoxDriver.&lt;init&gt;(FirefoxDriver.java:120)
                        	at base.configuration.browserInitialize(configuration.java:37)
                        	at sun.reflect.NativeMethodAccessorImpl.invoke0(Native Method)
                        	at sun.reflect.NativeMethodAccessorImpl.invoke(NativeMethodAccessorImpl.java:62)
                        	at sun.reflect.DelegatingMethodAccessorImpl.invoke(DelegatingMethodAccessorImpl.java:43)
                        	at java.lang.reflect.Method.invoke(Method.java:498)
                        	at org.testng.internal.MethodInvocationHelper.invokeMethod(MethodInvocationHelper.java:85)
                        	at org.testng.internal.Invoker.invokeConfigurationMethod(Invoker.java:510)
                        	at org.testng.internal.Invoker.invokeConfigurations(Invoker.java:211)
                        	at org.testng.internal.Invoker.invokeMethod(Invoker.java:585)
                        	at org.testng.internal.Invoker.invokeTestMethod(Invoker.java:816)
                        	at org.testng.internal.Invoker.invokeTestMethods(Invoker.java:1124)
                        	at org.testng.internal.TestMethodWorker.invokeTestMethods(TestMethodWorker.java:125)
                        	at org.testng.internal.TestMethodWorker.run(TestMethodWorker.java:108)
                        	at org.testng.TestRunner.privateRun(TestRunner.java:774)
                        	at org.testng.TestRunner.run(TestRunner.java:624)
                        	at org.testng.SuiteRunner.runTest(SuiteRunner.java:359)
                        	at org.testng.SuiteRunner.access$000(SuiteRunner.java:39)
                        	at org.testng.SuiteRunner$SuiteWorker.run(SuiteRunner.java:393)
                        	at org.testng.internal.thread.ThreadUtil$2.call(ThreadUtil.java:64)
                        	at java.util.concurrent.FutureTask.run(FutureTask.java:266)
                        	at java.util.concurrent.ThreadPoolExecutor.runWorker(ThreadPoolExecutor.java:1149)
                        	at java.util.concurrent.ThreadPoolExecutor$Worker.run(ThreadPoolExecutor.java:624)
                        	at java.lang.Thread.run(Thread.java:748)
                        Caused by: java.lang.ClassNotFoundException: org.w3c.dom.ElementTraversal
                        	at java.net.URLClassLoader.findClass(URLClassLoader.java:381)
                        	at java.lang.ClassLoader.loadClass(ClassLoader.java:424)
                        	at sun.misc.Launcher$AppClassLoader.loadClass(Launcher.java:335)
                        	at java.lang.ClassLoader.loadClass(ClassLoader.java:357)
                        	... 57 more
                     </pre>
                  </div>
               </td>
            </tr>
            <tr id="testcases.fbSignUpTC_signUp_byClass_SKIP2_row" class="testMethodStatusSKIP">
               <td width="100%" class="firstMethodCell">
                  <a onclick="toggleDetailsVisibility('testcases.fbSignUpTC_signUp_byClass_SKIP2_details')">signUp()</a>
               </td>
               <td nowrap="true">12:09:21</td>
               <td nowrap="true" align="right">0 ms
                  
               </td>
               <td nowrap="true">
                   
                  
               </td>
            </tr>
            <tr>
               <td colspan="4" class="detailsBox">
                  <div id="testcases.fbSignUpTC_signUp_byClass_SKIP2_details"
                       class="testMethodDetails">
                     <div>
                        <b>Name: </b>signUp
                     </div>
                     <div>
                        <b>Signature: </b>signUp()[pri:0, instance:testcases.fbSignUpTC@2c9f9fb0]
                     </div>
                     <div>
                        <b>Start time: </b>12:09:21
                     </div>
                     <div>
                        <b>End time: </b>12:09:21
                     </div>
                     <div>
                        <b>Duration: </b>0 ms
                        
                     </div>
                  </div>
               </td>
            </tr>
            <tr></tr>
            <tr id="testcases.fbSignUpTC_afterTest_byClass_SKIP3_row"
                class="testMethodStatusSKIP testMethodStatusCONF">
               <td width="100%" class="firstMethodCell">
                  <a onclick="toggleDetailsVisibility('testcases.fbSignUpTC_afterTest_byClass_SKIP3_details')">afterTest()</a>
               </td>
               <td nowrap="true">12:09:21</td>
               <td nowrap="true" align="right">0 ms
                  
               </td>
               <td nowrap="true">
                   
                  
               </td>
            </tr>
            <tr>
               <td colspan="4" class="detailsBox">
                  <div id="testcases.fbSignUpTC_afterTest_byClass_SKIP3_details"
                       class="testMethodDetails">
                     <div>
                        <b>Name: </b>afterTest
                     </div>
                     <div>
                        <b>Signature: </b>afterTest()[pri:0, instance:testcases.fbSignUpTC@2c9f9fb0]
                     </div>
                     <div>
                        <b>Start time: </b>12:09:21
                     </div>
                     <div>
                        <b>End time: </b>12:09:21
                     </div>
                     <div>
                        <b>Duration: </b>0 ms
                        
                     </div>
                  </div>
               </td>
            </tr>
            <tr></tr>
         </table>
         <br></br>
         <table class="testMethodsTable" cellpadding="0" cellspacing="0">
            <tr>
               <td colspan="4">
                  <h3 style="display: inline;">testcases.fbSignUpTC</h3>
               </td>
            </tr>
            <tr class="methodsTableHeader">
               <td width="100%">Name</td>
               <td nowrap="true">Started</td>
               <td nowrap="true">Duration</td>
               <td>Exception</td>
            </tr>
            <tr id="testcases.fbSignUpTC_browserInitialize_byClass_PASS1_row"
                class="testMethodStatusPASS testMethodStatusCONF">
               <td width="100%" class="firstMethodCell">
                  <a onclick="toggleDetailsVisibility('testcases.fbSignUpTC_browserInitialize_byClass_PASS1_details')">browserInitialize(chrome)</a>
               </td>
               <td nowrap="true">12:09:18</td>
               <td nowrap="true" align="right">12s
                  
               </td>
               <td nowrap="true">
                   
                  
               </td>
            </tr>
            <tr>
               <td colspan="4" class="detailsBox">
                  <div id="testcases.fbSignUpTC_browserInitialize_byClass_PASS1_details"
                       class="testMethodDetails">
                     <div>
                        <b>Name: </b>browserInitialize
                     </div>
                     <div>
                        <b>Signature: </b>browserInitialize(java.lang.String)[pri:0, instance:testcases.fbSignUpTC@47f6473]
                     </div>
                     <div>
                        <b>Parameters: </b>
                        
                        chrome
                        
                        
                     </div>
                     <div>
                        <b>Start time: </b>12:09:18
                     </div>
                     <div>
                        <b>End time: </b>12:09:30
                     </div>
                     <div>
                        <b>Duration: </b>12s
                        
                     </div>
                  </div>
               </td>
            </tr>
            <tr></tr>
            <tr id="testcases.fbSignUpTC_signUp_byClass_PASS2_row" class="testMethodStatusPASS">
               <td width="100%" class="firstMethodCell">
                  <a onclick="toggleDetailsVisibility('testcases.fbSignUpTC_signUp_byClass_PASS2_details')">signUp()</a>
               </td>
               <td nowrap="true">12:09:30</td>
               <td nowrap="true" align="right">6s
                  
               </td>
               <td nowrap="true">
                   
                  
               </td>
            </tr>
            <tr>
               <td colspan="4" class="detailsBox">
                  <div id="testcases.fbSignUpTC_signUp_byClass_PASS2_details"
                       class="testMethodDetails">
                     <div>
                        <b>Name: </b>signUp
                     </div>
                     <div>
                        <b>Signature: </b>signUp()[pri:0, instance:testcases.fbSignUpTC@47f6473]
                     </div>
                     <div>
                        <b>Start time: </b>12:09:30
                     </div>
                     <div>
                        <b>End time: </b>12:09:37
                     </div>
                     <div>
                        <b>Duration: </b>6s
                        
                     </div>
                  </div>
               </td>
            </tr>
            <tr></tr>
            <tr id="testcases.fbSignUpTC_afterTest_byClass_PASS3_row"
                class="testMethodStatusPASS testMethodStatusCONF">
               <td width="100%" class="firstMethodCell">
                  <a onclick="toggleDetailsVisibility('testcases.fbSignUpTC_afterTest_byClass_PASS3_details')">afterTest()</a>
               </td>
               <td nowrap="true">12:09:37</td>
               <td nowrap="true" align="right">3s
                  
               </td>
               <td nowrap="true">
                   
                  
               </td>
            </tr>
            <tr>
               <td colspan="4" class="detailsBox">
                  <div id="testcases.fbSignUpTC_afterTest_byClass_PASS3_details"
                       class="testMethodDetails">
                     <div>
                        <b>Name: </b>afterTest
                     </div>
                     <div>
                        <b>Signature: </b>afterTest()[pri:0, instance:testcases.fbSignUpTC@47f6473]
                     </div>
                     <div>
                        <b>Start time: </b>12:09:37
                     </div>
                     <div>
                        <b>End time: </b>12:09:40
                     </div>
                     <div>
                        <b>Duration: </b>3s
                        
                     </div>
                  </div>
               </td>
            </tr>
            <tr></tr>
         </table>
         <br></br>
      </div>
      <div style="margin-top: 15px; color: gray; text-align: center; font-size: 9px;">
         Generated with
         
         <a href="http://code.google.com/p/testng-xslt/" style="color: #8888aa;"
            target="_blank">
            TestNG XSLT
            
         </a>
      </div>
   </body>
</html>